#
# A fatal error has been detected by the Java Runtime Environment:
#
#  Internal Error (os_windows_x86.cpp:114), pid=3172, tid=1436
#  Error: guarantee(result == -1,"Unexpected result from topLevelExceptionFilter")
#
# JRE version: 6.0_17-b04
# Java VM: Java HotSpot(TM) 64-Bit Server VM (14.3-b01 mixed mode windows-amd64 )
# If you would like to submit a bug report, please visit:
#   http://java.sun.com/webapps/bugreport/crash.jsp
# The crash happened outside the Java Virtual Machine in native code.
# See problematic frame for where to report the bug.
#

---------------  T H R E A D  ---------------

Current thread (0x000000000209e800):  JavaThread "main" [_thread_in_native, id=1436, stack(0x00000000000f0000,0x00000000015f0000)]

Stack: [0x00000000000f0000,0x00000000015f0000]
[error occurred during error reporting (printing stack bounds), id 0xc0000005]

Java frames: (J=compiled Java code, j=interpreted, Vv=VM code)
j  com.mathworks.jmi.NativeMatlab.ProcessPendingEvents()Z+0
j  com.mathworks.jmi.NativeMatlab.processPendingEvents()Z+8
j  com.mathworks.jmi.Matlab$ProcessPendingEvents.callBooleanMethod(Ljava/lang/Object;)Z+0
j  com.mathworks.util.FactoryUtils.processPendingEvents()Z+12
j  com.mathworks.mde.desk.MLDesktop.canClose()Z+84
j  com.mathworks.mde.desk.MLDesktop$2.call()Ljava/lang/Boolean;+4
j  com.mathworks.mde.desk.MLDesktop$2.call()Ljava/lang/Object;+1
j  com.mathworks.jmi.Matlab.isOkToExit()Z+54
v  ~StubRoutines::call_stub
j  com.mathworks.jmi.NativeMatlab.SendMatlabMessage(Ljava/lang/Object;)Ljava/lang/Object;+0
j  com.mathworks.jmi.NativeMatlab.sendMatlabMessage(Ljava/lang/Object;)Ljava/lang/Object;+22
j  com.mathworks.jmi.MatlabLooper.sendMatlabMessage(Lcom/mathworks/services/message/MWMessage;)Ljava/lang/Object;+20
j  com.mathworks.jmi.Matlab.mtFevalConsoleOutput(Ljava/lang/String;[Ljava/lang/Object;I)Ljava/lang/Object;+58
j  com.mathworks.mde.desk.MLDesktop$8.run()V+14
j  com.mathworks.jmi.NativeMatlab.dispatchMTRequests(Z)V+50
v  ~StubRoutines::call_stub

---------------  P R O C E S S  ---------------

Java Threads: ( => current thread )
  0x000000003523b800 JavaThread "Timer queue for AWT thread" daemon [_thread_blocked, id=4136, stack(0x0000000030ec0000,0x0000000030f40000)]
  0x0000000035240800 JavaThread "Foxtrot Multi Worker Thread Runner #1" daemon [_thread_blocked, id=2580, stack(0x000000000ff80000,0x0000000010000000)]
  0x0000000035241000 JavaThread "Timer-InstrumentReadWritePoll" [_thread_blocked, id=5112, stack(0x0000000009cf0000,0x0000000009d70000)]
  0x0000000035244800 JavaThread "Thread-160" [_thread_in_native, id=4908, stack(0x000000002a1f0000,0x000000002a270000)]
  0x000000003523f800 JavaThread "RequestQueue for GenericFileList" [_thread_blocked, id=1272, stack(0x0000000034e40000,0x0000000034ec0000)]
  0x000000003523f000 JavaThread "Timer-6" daemon [_thread_blocked, id=1580, stack(0x000000002a280000,0x000000002a300000)]
  0x000000003523c000 JavaThread "Prefs Updater" daemon [_thread_blocked, id=2560, stack(0x000000000fec0000,0x000000000ff40000)]
  0x000000003523a800 JavaThread "Timer-1" [_thread_blocked, id=128, stack(0x000000000fe30000,0x000000000feb0000)]
  0x000000003523a000 JavaThread "FelixPackageAdmin" daemon [_thread_blocked, id=3640, stack(0x000000000dfc0000,0x000000000e040000)]
  0x0000000035239000 JavaThread "FelixStartLevel" daemon [_thread_blocked, id=4532, stack(0x000000000b3c0000,0x000000000b440000)]
  0x000000003541c800 JavaThread "FelixDispatchQueue" daemon [_thread_blocked, id=4140, stack(0x0000000009c60000,0x0000000009ce0000)]
  0x00000000344f4800 JavaThread "TimerQueue" daemon [_thread_blocked, id=3068, stack(0x0000000004ff0000,0x0000000005070000)]
  0x00000000344f4000 JavaThread "AWT-EventQueue-0" [_thread_in_native, id=576, stack(0x0000000008360000,0x00000000083e0000)]
  0x00000000343d8800 JavaThread "com.google.common.base.internal.Finalizer" daemon [_thread_blocked, id=636, stack(0x0000000004f30000,0x0000000004fb0000)]
  0x00000000343aa000 JavaThread "AWT-Windows" daemon [_thread_in_native, id=4228, stack(0x0000000004dd0000,0x0000000004e50000)]
  0x00000000343a7800 JavaThread "AWT-Shutdown" [_thread_blocked, id=860, stack(0x0000000004c10000,0x0000000004c90000)]
  0x000000003429f000 JavaThread "Java2D Disposer" daemon [_thread_blocked, id=3796, stack(0x0000000004a80000,0x0000000004b00000)]
  0x0000000033c2c000 JavaThread "Timer-0" [_thread_blocked, id=4236, stack(0x0000000008570000,0x00000000085f0000)]
  0x0000000033aa5000 JavaThread "JMI Unnamed Thread" [_thread_in_native, id=4336, stack(0x0000000006b20000,0x0000000008020000)]
  0x000000000fd0b000 JavaThread "Low Memory Detector" daemon [_thread_blocked, id=1732, stack(0x0000000006a10000,0x0000000006a90000)]
  0x000000000fd08800 JavaThread "CompilerThread1" daemon [_thread_blocked, id=2052, stack(0x0000000030f80000,0x0000000032480000)]
  0x000000000fcfc000 JavaThread "CompilerThread0" daemon [_thread_blocked, id=3816, stack(0x000000002f9c0000,0x0000000030ec0000)]
  0x000000000fcfb800 JavaThread "Attach Listener" daemon [_thread_blocked, id=3104, stack(0x0000000008420000,0x00000000084a0000)]
  0x000000000fca1800 JavaThread "Finalizer" daemon [_thread_blocked, id=4480, stack(0x0000000005380000,0x0000000005400000)]
  0x00000000022cf800 JavaThread "Reference Handler" daemon [_thread_blocked, id=5108, stack(0x0000000006970000,0x00000000069f0000)]
=>0x000000000209e800 JavaThread "main" [_thread_in_native, id=1436, stack(0x00000000000f0000,0x00000000015f0000)]

Other Threads:
  0x00000000022cc800 VMThread [stack: 0x000000002e3e0000,0x000000002f8e0000] [id=2432]
  0x000000000fd36800 WatcherThread [stack: 0x0000000032540000,0x0000000033a40000] [id=1632]

VM state:not at safepoint (normal execution)

VM Mutex/Monitor currently owned by a thread: None

Heap
 PSYoungGen      total 13120K, used 8858K [0x0000000025b80000, 0x0000000026b80000, 0x0000000028c80000)
  eden space 11136K, 61% used [0x0000000025b80000,0x0000000026237440,0x0000000026660000)
  from space 1984K, 99% used [0x0000000026660000,0x000000002684f448,0x0000000026850000)
  to   space 2688K, 0% used [0x00000000268e0000,0x00000000268e0000,0x0000000026b80000)
 PSOldGen        total 58816K, used 49151K [0x000000001c880000, 0x00000000201f0000, 0x0000000025b80000)
  object space 58816K, 83% used [0x000000001c880000,0x000000001f87fee8,0x00000000201f0000)
 PSPermGen       total 80192K, used 58531K [0x0000000014880000, 0x00000000196d0000, 0x000000001c880000)
  object space 80192K, 72% used [0x0000000014880000,0x00000000181a8ff8,0x00000000196d0000)

Dynamic libraries:
0x000000013f130000 - 0x000000013f159000 	E:\Programme\Matlab2011\bin\win64\MATLAB.exe
0x0000000076f00000 - 0x00000000770ac000 	C:\Windows\SYSTEM32\ntdll.dll
0x0000000076a30000 - 0x0000000076b4f000 	C:\Windows\system32\kernel32.dll
0x000007fefd6d0000 - 0x000007fefd73c000 	C:\Windows\system32\KERNELBASE.dll
0x0000000070cc0000 - 0x0000000070d0a000 	E:\Programme\Avast\snxhk64.dll
0x0000000074460000 - 0x0000000074569000 	E:\Programme\Matlab2011\bin\win64\libut.dll
0x00000000758a0000 - 0x0000000075920000 	E:\Programme\Matlab2011\bin\win64\libmwi18n.dll
0x0000000180000000 - 0x000000018000b000 	E:\Programme\Matlab2011\bin\win64\libmwresource_core.dll
0x00000000712d0000 - 0x00000000713a3000 	C:\Windows\WinSxS\amd64_microsoft.vc90.crt_1fc8b3b9a1e18e3b_9.0.30729.6161_none_08e61857a83bc251\MSVCP90.dll
0x00000000713c0000 - 0x0000000071463000 	C:\Windows\WinSxS\amd64_microsoft.vc90.crt_1fc8b3b9a1e18e3b_9.0.30729.6161_none_08e61857a83bc251\MSVCR90.dll
0x000000007a3b0000 - 0x000000007a3c0000 	E:\Programme\Matlab2011\bin\win64\boost_date_time-vc90-mt-1_40.dll
0x000000007a170000 - 0x000000007a189000 	E:\Programme\Matlab2011\bin\win64\boost_filesystem-vc90-mt-1_40.dll
0x000000007a560000 - 0x000000007a569000 	E:\Programme\Matlab2011\bin\win64\boost_system-vc90-mt-1_40.dll
0x000000007a2d0000 - 0x000000007a2e2000 	E:\Programme\Matlab2011\bin\win64\boost_thread-vc90-mt-1_40.dll
0x000000007a010000 - 0x000000007a035000 	E:\Programme\Matlab2011\bin\win64\LIBEXPAT.dll
0x00000000739d0000 - 0x0000000073b8c000 	E:\Programme\Matlab2011\bin\win64\icuin42.dll
0x00000000740b0000 - 0x0000000074223000 	E:\Programme\Matlab2011\bin\win64\icuuc42.dll
0x000007fefed20000 - 0x000007fefedfb000 	C:\Windows\system32\ADVAPI32.dll
0x000007fefe760000 - 0x000007fefe7ff000 	C:\Windows\system32\msvcrt.dll
0x000007fefd7c0000 - 0x000007fefd7df000 	C:\Windows\SYSTEM32\sechost.dll
0x000007fefe800000 - 0x000007fefe92e000 	C:\Windows\system32\RPCRT4.dll
0x0000000010000000 - 0x0000000010f47000 	E:\Programme\Matlab2011\bin\win64\icudt42.dll
0x0000000073f70000 - 0x000000007407d000 	E:\Programme\Matlab2011\bin\win64\libmwfl.dll
0x0000000001790000 - 0x0000000001823000 	E:\Programme\Matlab2011\bin\win64\libmwMATLAB_res.dll
0x000000007a250000 - 0x000000007a263000 	E:\Programme\Matlab2011\bin\win64\boost_signals-vc90-mt-1_40.dll
0x0000000001850000 - 0x0000000001896000 	E:\Programme\Matlab2011\bin\win64\tbb.dll
0x000007fefee30000 - 0x000007fefee49000 	C:\Windows\system32\imagehlp.dll
0x00000000770d0000 - 0x00000000770d7000 	C:\Windows\system32\PSAPI.DLL
0x000000007a3d0000 - 0x000000007a3e3000 	E:\Programme\Matlab2011\bin\win64\icuio42.dll
0x000007fef3bd0000 - 0x000007fef3cf5000 	C:\Windows\system32\dbghelp.dll
0x0000000076cb0000 - 0x0000000076daa000 	C:\Windows\system32\USER32.dll
0x000007fefe930000 - 0x000007fefe997000 	C:\Windows\system32\GDI32.dll
0x000007fefd8b0000 - 0x000007fefd8be000 	C:\Windows\system32\LPK.dll
0x000007fefe9a0000 - 0x000007fefea6a000 	C:\Windows\system32\USP10.dll
0x000000007bed0000 - 0x000000007c0f5000 	E:\Programme\Matlab2011\bin\win64\libmwservices.dll
0x0000000075a20000 - 0x0000000075ab2000 	E:\Programme\Matlab2011\bin\win64\libmx.dll
0x000000007a210000 - 0x000000007a226000 	E:\Programme\Matlab2011\bin\win64\zlib1.dll
0x0000000074330000 - 0x000000007444b000 	E:\Programme\Matlab2011\bin\win64\libmwmathutil.dll
0x000000006c110000 - 0x000000006c164000 	E:\Programme\Matlab2011\bin\win64\mpath.dll
0x000000007b680000 - 0x000000007b982000 	E:\Programme\Matlab2011\bin\win64\mlutil.dll
0x000000006bc10000 - 0x000000006bc92000 	E:\Programme\Matlab2011\bin\win64\xmlcore.dll
0x000000007bc30000 - 0x000000007be83000 	E:\Programme\Matlab2011\bin\win64\xerces-c_2_7.dll
0x000007feff110000 - 0x000007feff15d000 	C:\Windows\system32\WS2_32.dll
0x000007feff160000 - 0x000007feff168000 	C:\Windows\system32\NSI.dll
0x000007fefd8c0000 - 0x000007fefe647000 	C:\Windows\system32\SHELL32.dll
0x000007fefd7e0000 - 0x000007fefd851000 	C:\Windows\system32\SHLWAPI.dll
0x000007fef9c60000 - 0x000007fef9d00000 	C:\Windows\WinSxS\amd64_microsoft.windows.common-controls_6595b64144ccf1df_5.82.7600.16661_none_a44e1fc257f685f6\COMCTL32.dll
0x000007feff170000 - 0x000007feff208000 	C:\Windows\system32\COMDLG32.dll
0x000007fefb410000 - 0x000007fefb426000 	C:\Windows\system32\NETAPI32.dll
0x000007fefb400000 - 0x000007fefb40c000 	C:\Windows\system32\netutils.dll
0x000007fefcec0000 - 0x000007fefcee3000 	C:\Windows\system32\srvcli.dll
0x000007fefb3e0000 - 0x000007fefb3f5000 	C:\Windows\system32\wkscli.dll
0x000007fefeb10000 - 0x000007fefed12000 	C:\Windows\system32\ole32.dll
0x000007fefee50000 - 0x000007fefef27000 	C:\Windows\system32\OLEAUT32.dll
0x0000000074970000 - 0x0000000074a34000 	E:\Programme\Matlab2011\bin\win64\mcr.dll
0x0000000075000000 - 0x00000000750e4000 	E:\Programme\Matlab2011\bin\win64\iqm.dll
0x00000000690e0000 - 0x000000006987c000 	E:\Programme\Matlab2011\bin\win64\m_interpreter.dll
0x000000006e360000 - 0x000000006e36f000 	E:\Programme\Matlab2011\bin\win64\libmex.dll
0x000000006bb60000 - 0x000000006bc04000 	E:\Programme\Matlab2011\bin\win64\m_dispatcher.dll
0x0000000074880000 - 0x0000000074945000 	E:\Programme\Matlab2011\bin\win64\boost_regex-vc90-mt-1_40.dll
0x000000006c090000 - 0x000000006c10f000 	E:\Programme\Matlab2011\bin\win64\profiler.dll
0x0000000079f40000 - 0x0000000079f6c000 	E:\Programme\Matlab2011\bin\win64\libmwmathrng.dll
0x000000006e340000 - 0x000000006e360000 	E:\Programme\Matlab2011\bin\win64\m_pcodeio.dll
0x0000000079b10000 - 0x0000000079b71000 	E:\Programme\Matlab2011\bin\win64\m_ir.dll
0x0000000068aa0000 - 0x00000000690db000 	E:\Programme\Matlab2011\bin\win64\m_parser.dll
0x000000006e320000 - 0x000000006e339000 	E:\Programme\Matlab2011\bin\win64\ir_xfmr.dll
0x000000006b910000 - 0x000000006bb5b000 	E:\Programme\Matlab2011\bin\win64\mcos.dll
0x000000006d700000 - 0x000000006d70c000 	E:\Programme\Matlab2011\bin\win64\mtok.dll
0x000000006b8e0000 - 0x000000006b90b000 	E:\Programme\Matlab2011\bin\win64\m_pcodegen.dll
0x0000000076160000 - 0x00000000761c2000 	E:\Programme\Matlab2011\bin\win64\libmwspmatrix.dll
0x0000000079fb0000 - 0x0000000079fde000 	E:\Programme\Matlab2011\bin\win64\libmwbridge.dll
0x000000006b820000 - 0x000000006b8d9000 	E:\Programme\Matlab2011\bin\win64\udd.dll
0x0000000069ed0000 - 0x000000006a011000 	E:\Programme\Matlab2011\bin\win64\libmwgui.dll
0x000000006b800000 - 0x000000006b817000 	E:\Programme\Matlab2011\bin\win64\graphics_util.dll
0x0000000068220000 - 0x0000000068aa0000 	E:\Programme\Matlab2011\bin\win64\hg.dll
0x0000000076100000 - 0x000000007614f000 	E:\Programme\Matlab2011\bin\win64\libmat.dll
0x0000000072d30000 - 0x0000000072f33000 	E:\Programme\Matlab2011\bin\win64\libhdf5.dll
0x000000006b780000 - 0x000000006b7fb000 	E:\Programme\Matlab2011\bin\win64\jmi.dll
0x0000000001ab0000 - 0x0000000001abe000 	E:\Programme\Matlab2011\bin\win64\nativejava_services.dll
0x000000006b740000 - 0x000000006b77c000 	E:\Programme\Matlab2011\bin\win64\libmwhardcopy.dll
0x0000000069e70000 - 0x0000000069ec8000 	E:\Programme\Matlab2011\bin\win64\libuij.dll
0x0000000069c80000 - 0x0000000069e63000 	E:\Programme\Matlab2011\bin\win64\hgdatatypes.dll
0x0000000069bc0000 - 0x0000000069c7c000 	E:\Programme\Matlab2011\bin\win64\hgutils.dll
0x0000000069b40000 - 0x0000000069bbc000 	E:\Programme\Matlab2011\bin\win64\libmwlapack.dll
0x0000000069b20000 - 0x0000000069b32000 	E:\Programme\Matlab2011\bin\win64\libmwbinder.dll
0x000000006b730000 - 0x000000006b73b000 	E:\Programme\Matlab2011\bin\win64\libmwompwrapper.dll
0x0000000001b40000 - 0x0000000001e04000 	E:\Programme\Matlab2011\bin\win64\uiw.dll
0x0000000069b10000 - 0x0000000069b1a000 	E:\Programme\Matlab2011\bin\win64\uinone.dll
0x0000000067d30000 - 0x0000000068214000 	C:\Windows\WinSxS\amd64_microsoft.vc90.mfc_1fc8b3b9a1e18e3b_9.0.30729.6161_none_044aad0bab1eb146\mfc90.dll
0x000007fefb0d0000 - 0x000007fefb0d7000 	C:\Windows\system32\MSIMG32.dll
0x000007fef9bf0000 - 0x000007fef9c60000 	C:\Windows\system32\WINSPOOL.DRV
0x0000000069a60000 - 0x0000000069b09000 	E:\Programme\Matlab2011\bin\win64\udd_mi.dll
0x0000000069a40000 - 0x0000000069a5b000 	E:\Programme\Matlab2011\bin\win64\mwoles05.DLL
0x00000000699d0000 - 0x0000000069a3e000 	E:\Programme\Matlab2011\bin\win64\comcli.dll
0x0000000071930000 - 0x000000007195f000 	C:\Windows\WinSxS\amd64_microsoft.vc90.atl_1fc8b3b9a1e18e3b_9.0.30729.6161_none_0a1fd3a3a768b895\ATL90.DLL
0x000000006d710000 - 0x000000006d71c000 	E:\Programme\Matlab2011\bin\win64\mlautoregister.dll
0x0000000001e70000 - 0x0000000001e7d000 	E:\Programme\Matlab2011\bin\win64\boost_iostreams-vc90-mt-1_40.dll
0x000007fefee00000 - 0x000007fefee2e000 	C:\Windows\system32\IMM32.DLL
0x000007fefe650000 - 0x000007fefe759000 	C:\Windows\system32\MSCTF.dll
0x000007fefba50000 - 0x000007fefbaa6000 	C:\Windows\system32\UxTheme.dll
0x000007fefb6c0000 - 0x000007fefb6d8000 	C:\Windows\system32\dwmapi.dll
0x0000000071a50000 - 0x0000000071a5d000 	C:\Windows\WinSxS\amd64_microsoft.vc90.mfcloc_1fc8b3b9a1e18e3b_9.0.30729.6161_none_01c9581e60cbee58\MFC90ENU.DLL
0x0000000002060000 - 0x0000000002089000 	E:\Programme\Matlab2011\bin\win64\tbbmalloc.dll
0x000007fefd370000 - 0x000007fefd37f000 	C:\Windows\system32\profapi.dll
0x000007fefa780000 - 0x000007fefa7a7000 	C:\Windows\system32\iphlpapi.dll
0x000007fefa770000 - 0x000007fefa77b000 	C:\Windows\system32\WINNSI.DLL
0x000007fefca60000 - 0x000007fefcabb000 	C:\Windows\system32\DNSAPI.dll
0x000007fefa260000 - 0x000007fefa278000 	C:\Windows\system32\dhcpcsvc.DLL
0x000007fef9f80000 - 0x000007fef9f91000 	C:\Windows\system32\dhcpcsvc6.DLL
0x00000000699c0000 - 0x00000000699c3000 	C:\Windows\system32\icmp.Dll
0x000007fefd2a0000 - 0x000007fefd2af000 	C:\Windows\system32\CRYPTBASE.dll
0x000007fefd420000 - 0x000007fefd456000 	C:\Windows\system32\CFGMGR32.dll
0x0000000078870000 - 0x0000000078ecd000 	E:\Programme\Matlab2011\sys\java\jre\win64\jre\bin\server\jvm.dll
0x000007fefaee0000 - 0x000007fefaf1b000 	C:\Windows\system32\WINMM.dll
0x000000007a440000 - 0x000000007a44e000 	E:\Programme\Matlab2011\sys\java\jre\win64\jre\bin\verify.dll
0x000000007a070000 - 0x000000007a097000 	E:\Programme\Matlab2011\sys\java\jre\win64\jre\bin\java.dll
0x000000007a540000 - 0x000000007a54a000 	E:\Programme\Matlab2011\sys\java\jre\win64\jre\bin\hpi.dll
0x000000007a370000 - 0x000000007a382000 	E:\Programme\Matlab2011\sys\java\jre\win64\jre\bin\zip.dll
0x0000000075b90000 - 0x0000000075bfb000 	E:\Programme\Matlab2011\sys\java\jre\win64\jre\bin\fontmanager.dll
0x0000000073150000 - 0x0000000073311000 	E:\Programme\Matlab2011\sys\java\jre\win64\jre\bin\awt.dll
0x0000000079cf0000 - 0x0000000079d36000 	E:\Programme\Matlab2011\bin\win64\nativejmi.dll
0x000000007a600000 - 0x000000007a608000 	E:\Programme\Matlab2011\bin\win64\nativeservices.dll
0x000000007a0d0000 - 0x000000007a0e8000 	E:\Programme\Matlab2011\bin\win64\nativejava.dll
0x000007fef9950000 - 0x000007fef9968000 	C:\Windows\system32\MPR.dll
0x000000007a230000 - 0x000000007a247000 	E:\Programme\Matlab2011\sys\java\jre\win64\jre\bin\net.dll
0x000007fefcbe0000 - 0x000007fefcc34000 	C:\Windows\system32\mswsock.dll
0x000007fefcbd0000 - 0x000007fefcbd7000 	C:\Windows\System32\wship6.dll
0x000000007a500000 - 0x000000007a50b000 	E:\Programme\Matlab2011\sys\java\jre\win64\jre\bin\nio.dll

VM Arguments:
jvm_args: -Xss512k -XX:PermSize=32m -Xms64m -XX:NewRatio=3 -XX:MaxPermSize=128m -Xmx196m -XX:MaxDirectMemorySize=2147400000 -Dsun.java2d.noddraw=true -Dsun.awt.nopixfmt=true -Xshare:off -Xrs -Dsun.awt.disableMixing=true -Djava.library.path=E:\Programme\Matlab2011\bin\win64 vfprintf abort 
java_command: <unknown>
Launcher Type: generic

Environment Variables:
PATH=E:\Programme\Microchip\C30\bin;C:\Program Files (x86)\NVIDIA Corporation\PhysX\Common;C:\Program Files\Common Files\Microsoft Shared\Windows Live;C:\Program Files (x86)\Common Files\Microsoft Shared\Windows Live;C:\Windows\system32;C:\Windows;C:\Windows\System32\Wbem;C:\Windows\System32\WindowsPowerShell\v1.0\;C:\Program Files (x86)\Windows Live\Shared;E:\Programme\Microchip\MPLAB\MPLAB C32 Suite\bin;E:\Programme\MiKTeX\miktex\bin\;E:\Programme\Matlab2011\runtime\win64;E:\Programme\Matlab2011\bin;E:\Programme\Git\cmd;E:\Programme\MCC18\mpasm;E:\Programme\MCC18\bin;E:\Programme\OpenVPN\bin;E:\Programme\OpenVPN2\bin;E:\Programme\Quartus120sp1\modelsim_ase\win32aloem
USERNAME=Chris
OS=Windows_NT
PROCESSOR_IDENTIFIER=Intel64 Family 6 Model 42 Stepping 7, GenuineIntel



---------------  S Y S T E M  ---------------

OS: Windows 7 Build 7600 

CPU:total 4 (8 cores per cpu, 2 threads per core) family 6 model 42 stepping 7, cmov, cx8, fxsr, mmx, sse, sse2, sse3, ssse3, sse4.1, sse4.2, ht

Memory: 4k page, physical 8364812k(4875736k free), swap 16727724k(12921972k free)

vm_info: Java HotSpot(TM) 64-Bit Server VM (14.3-b01) for windows-amd64 JRE (1.6.0_17-b04), built on Oct 11 2009 00:46:08 by "java_re" with MS VC++ 8.0

time: Thu Sep 20 13:30:56 2012
elapsed time: 7566 seconds

