#
# A fatal error has been detected by the Java Runtime Environment:
#
#  Internal Error (os_windows_x86.cpp:114), pid=5844, tid=5144
#  Error: guarantee(result == -1,"Unexpected result from topLevelExceptionFilter")
#
# JRE version: 6.0_17-b04
# Java VM: Java HotSpot(TM) 64-Bit Server VM (14.3-b01 mixed mode windows-amd64 )
# If you would like to submit a bug report, please visit:
#   http://java.sun.com/webapps/bugreport/crash.jsp
# The crash happened outside the Java Virtual Machine in native code.
# See problematic frame for where to report the bug.
#

---------------  T H R E A D  ---------------

Current thread (0x000000000230e800):  JavaThread "main" [_thread_in_native, id=5144, stack(0x0000000000090000,0x0000000001590000)]

Stack: [0x0000000000090000,0x0000000001590000]
[error occurred during error reporting (printing stack bounds), id 0xc0000005]

Java frames: (J=compiled Java code, j=interpreted, Vv=VM code)
j  com.mathworks.jmi.NativeMatlab.ProcessPendingEvents()Z+0
j  com.mathworks.jmi.NativeMatlab.processPendingEvents()Z+8
j  com.mathworks.jmi.Matlab$ProcessPendingEvents.callBooleanMethod(Ljava/lang/Object;)Z+0
j  com.mathworks.util.FactoryUtils.processPendingEvents()Z+12
j  com.mathworks.mde.desk.MLDesktop.canClose()Z+84
j  com.mathworks.mde.desk.MLDesktop$2.call()Ljava/lang/Boolean;+4
j  com.mathworks.mde.desk.MLDesktop$2.call()Ljava/lang/Object;+1
j  com.mathworks.jmi.Matlab.isOkToExit()Z+54
v  ~StubRoutines::call_stub
j  com.mathworks.jmi.NativeMatlab.SendMatlabMessage(Ljava/lang/Object;)Ljava/lang/Object;+0
j  com.mathworks.jmi.NativeMatlab.sendMatlabMessage(Ljava/lang/Object;)Ljava/lang/Object;+22
j  com.mathworks.jmi.MatlabLooper.sendMatlabMessage(Lcom/mathworks/services/message/MWMessage;)Ljava/lang/Object;+20
j  com.mathworks.jmi.Matlab.mtFevalConsoleOutput(Ljava/lang/String;[Ljava/lang/Object;I)Ljava/lang/Object;+58
j  com.mathworks.mde.desk.MLDesktop$8.run()V+14
j  com.mathworks.jmi.NativeMatlab.dispatchMTRequests(Z)V+50
v  ~StubRoutines::call_stub

---------------  P R O C E S S  ---------------

Java Threads: ( => current thread )
  0x0000000033f02800 JavaThread "Foxtrot Multi Worker Thread Runner #1" daemon [_thread_blocked, id=5716, stack(0x000000003d840000,0x000000003d8c0000)]
  0x0000000033f00800 JavaThread "Timer-InstrumentReadWritePoll" [_thread_blocked, id=5712, stack(0x0000000034160000,0x00000000341e0000)]
  0x0000000033efd800 JavaThread "RequestQueue for GenericFileList" [_thread_blocked, id=5812, stack(0x000000000da60000,0x000000000dae0000)]
  0x0000000033efa800 JavaThread "Timer-6" daemon [_thread_blocked, id=4680, stack(0x000000003f0d0000,0x000000003f150000)]
  0x0000000033ef8800 JavaThread "Prefs Updater" daemon [_thread_blocked, id=5060, stack(0x000000003eef0000,0x000000003ef70000)]
  0x0000000033ef7800 JavaThread "Timer-1" [_thread_blocked, id=860, stack(0x0000000035e40000,0x0000000035ec0000)]
  0x0000000033ef7000 JavaThread "FelixPackageAdmin" daemon [_thread_blocked, id=5344, stack(0x000000000ff30000,0x000000000ffb0000)]
  0x0000000033ef6000 JavaThread "FelixStartLevel" daemon [_thread_blocked, id=3044, stack(0x000000003a5b0000,0x000000003a630000)]
  0x0000000034623000 JavaThread "FelixDispatchQueue" daemon [_thread_blocked, id=4556, stack(0x0000000038fd0000,0x0000000039050000)]
  0x0000000033e41800 JavaThread "TimerQueue" daemon [_thread_blocked, id=5792, stack(0x0000000035ee0000,0x0000000035f60000)]
  0x0000000033dfd800 JavaThread "AWT-EventQueue-0" [_thread_blocked, id=3292, stack(0x000000002db50000,0x000000002dbd0000)]
  0x0000000033ccd800 JavaThread "com.google.common.base.internal.Finalizer" daemon [_thread_blocked, id=5612, stack(0x0000000033fd0000,0x0000000034050000)]
  0x0000000033b64800 JavaThread "AWT-Windows" daemon [_thread_in_native, id=5260, stack(0x000000000fe10000,0x000000000fe90000)]
  0x0000000033b61800 JavaThread "AWT-Shutdown" [_thread_blocked, id=6040, stack(0x000000002c530000,0x000000002c5b0000)]
  0x0000000033a70000 JavaThread "Java2D Disposer" daemon [_thread_blocked, id=2064, stack(0x0000000029990000,0x0000000029a10000)]
  0x00000000332ef000 JavaThread "Timer-0" [_thread_blocked, id=3688, stack(0x00000000283b0000,0x0000000028430000)]
  0x0000000033355000 JavaThread "JMI Unnamed Thread" [_thread_in_native, id=4888, stack(0x0000000006990000,0x0000000007e90000)]
  0x000000000fcdc800 JavaThread "Low Memory Detector" daemon [_thread_blocked, id=5484, stack(0x0000000009790000,0x0000000009810000)]
  0x000000000fcd6000 JavaThread "CompilerThread1" daemon [_thread_blocked, id=2392, stack(0x0000000030670000,0x0000000031b70000)]
  0x000000000fcc9800 JavaThread "CompilerThread0" daemon [_thread_blocked, id=3176, stack(0x000000002f110000,0x0000000030610000)]
  0x000000000fcc8800 JavaThread "Attach Listener" daemon [_thread_blocked, id=2840, stack(0x00000000081c0000,0x0000000008240000)]
  0x00000000022ed800 JavaThread "Finalizer" daemon [_thread_blocked, id=3676, stack(0x000000000fea0000,0x000000000ff20000)]
  0x000000000fc75800 JavaThread "Reference Handler" daemon [_thread_blocked, id=3872, stack(0x000000000d820000,0x000000000d8a0000)]
=>0x000000000230e800 JavaThread "main" [_thread_in_native, id=5144, stack(0x0000000000090000,0x0000000001590000)]

Other Threads:
  0x000000000fc72000 VMThread [stack: 0x000000002dc00000,0x000000002f100000] [id=5028]
  0x000000000fd00000 WatcherThread [stack: 0x0000000031c40000,0x0000000033140000] [id=5376]

VM state:not at safepoint (normal execution)

VM Mutex/Monitor currently owned by a thread: None

Heap
 PSYoungGen      total 14720K, used 6503K [0x0000000025250000, 0x0000000026250000, 0x0000000028350000)
  eden space 13120K, 42% used [0x0000000025250000,0x00000000257b3320,0x0000000025f20000)
  from space 1600K, 61% used [0x0000000025f20000,0x0000000026016b78,0x00000000260b0000)
  to   space 1600K, 0% used [0x00000000260c0000,0x00000000260c0000,0x0000000026250000)
 PSOldGen        total 65984K, used 47113K [0x000000001bf50000, 0x000000001ffc0000, 0x0000000025250000)
  object space 65984K, 71% used [0x000000001bf50000,0x000000001ed52448,0x000000001ffc0000)
 PSPermGen       total 84032K, used 55030K [0x0000000013f50000, 0x0000000019160000, 0x000000001bf50000)
  object space 84032K, 65% used [0x0000000013f50000,0x000000001750db28,0x0000000019160000)

Dynamic libraries:
0x000000013f850000 - 0x000000013f879000 	E:\Programme\Matlab2011\bin\win64\MATLAB.exe
0x00000000778f0000 - 0x0000000077a9c000 	C:\Windows\SYSTEM32\ntdll.dll
0x0000000077210000 - 0x000000007732f000 	C:\Windows\system32\kernel32.dll
0x000007fefded0000 - 0x000007fefdf3c000 	C:\Windows\system32\KERNELBASE.dll
0x0000000071420000 - 0x000000007146a000 	E:\Programme\Avast\snxhk64.dll
0x0000000074460000 - 0x0000000074569000 	E:\Programme\Matlab2011\bin\win64\libut.dll
0x00000000758a0000 - 0x0000000075920000 	E:\Programme\Matlab2011\bin\win64\libmwi18n.dll
0x0000000180000000 - 0x000000018000b000 	E:\Programme\Matlab2011\bin\win64\libmwresource_core.dll
0x0000000071cf0000 - 0x0000000071dc3000 	C:\Windows\WinSxS\amd64_microsoft.vc90.crt_1fc8b3b9a1e18e3b_9.0.30729.6161_none_08e61857a83bc251\MSVCP90.dll
0x0000000071dd0000 - 0x0000000071e73000 	C:\Windows\WinSxS\amd64_microsoft.vc90.crt_1fc8b3b9a1e18e3b_9.0.30729.6161_none_08e61857a83bc251\MSVCR90.dll
0x000000007a3b0000 - 0x000000007a3c0000 	E:\Programme\Matlab2011\bin\win64\boost_date_time-vc90-mt-1_40.dll
0x000000007a170000 - 0x000000007a189000 	E:\Programme\Matlab2011\bin\win64\boost_filesystem-vc90-mt-1_40.dll
0x000000007a560000 - 0x000000007a569000 	E:\Programme\Matlab2011\bin\win64\boost_system-vc90-mt-1_40.dll
0x000000007a2d0000 - 0x000000007a2e2000 	E:\Programme\Matlab2011\bin\win64\boost_thread-vc90-mt-1_40.dll
0x000000007a010000 - 0x000000007a035000 	E:\Programme\Matlab2011\bin\win64\LIBEXPAT.dll
0x00000000739d0000 - 0x0000000073b8c000 	E:\Programme\Matlab2011\bin\win64\icuin42.dll
0x00000000740b0000 - 0x0000000074223000 	E:\Programme\Matlab2011\bin\win64\icuuc42.dll
0x000007feff940000 - 0x000007feffa1b000 	C:\Windows\system32\ADVAPI32.dll
0x000007fefe260000 - 0x000007fefe2ff000 	C:\Windows\system32\msvcrt.dll
0x000007feff690000 - 0x000007feff6af000 	C:\Windows\SYSTEM32\sechost.dll
0x000007fefe300000 - 0x000007fefe42e000 	C:\Windows\system32\RPCRT4.dll
0x0000000010000000 - 0x0000000010f47000 	E:\Programme\Matlab2011\bin\win64\icudt42.dll
0x0000000073f70000 - 0x000000007407d000 	E:\Programme\Matlab2011\bin\win64\libmwfl.dll
0x0000000001820000 - 0x00000000018b3000 	E:\Programme\Matlab2011\bin\win64\libmwMATLAB_res.dll
0x000000007a250000 - 0x000000007a263000 	E:\Programme\Matlab2011\bin\win64\boost_signals-vc90-mt-1_40.dll
0x00000000016b0000 - 0x00000000016f6000 	E:\Programme\Matlab2011\bin\win64\tbb.dll
0x000007feffaa0000 - 0x000007feffab9000 	C:\Windows\system32\imagehlp.dll
0x0000000077ab0000 - 0x0000000077ab7000 	C:\Windows\system32\PSAPI.DLL
0x000000007a3d0000 - 0x000000007a3e3000 	E:\Programme\Matlab2011\bin\win64\icuio42.dll
0x000007fef45a0000 - 0x000007fef46c5000 	C:\Windows\system32\dbghelp.dll
0x0000000077490000 - 0x000000007758a000 	C:\Windows\system32\USER32.dll
0x000007fefe150000 - 0x000007fefe1b7000 	C:\Windows\system32\GDI32.dll
0x000007fefe130000 - 0x000007fefe13e000 	C:\Windows\system32\LPK.dll
0x000007fefe6b0000 - 0x000007fefe77a000 	C:\Windows\system32\USP10.dll
0x000000007bed0000 - 0x000000007c0f5000 	E:\Programme\Matlab2011\bin\win64\libmwservices.dll
0x0000000075a20000 - 0x0000000075ab2000 	E:\Programme\Matlab2011\bin\win64\libmx.dll
0x000000007a210000 - 0x000000007a226000 	E:\Programme\Matlab2011\bin\win64\zlib1.dll
0x0000000074330000 - 0x000000007444b000 	E:\Programme\Matlab2011\bin\win64\libmwmathutil.dll
0x00000000728a0000 - 0x00000000728f4000 	E:\Programme\Matlab2011\bin\win64\mpath.dll
0x000000007b680000 - 0x000000007b982000 	E:\Programme\Matlab2011\bin\win64\mlutil.dll
0x0000000070f50000 - 0x0000000070fd2000 	E:\Programme\Matlab2011\bin\win64\xmlcore.dll
0x000000007bc30000 - 0x000000007be83000 	E:\Programme\Matlab2011\bin\win64\xerces-c_2_7.dll
0x000007feff640000 - 0x000007feff68d000 	C:\Windows\system32\WS2_32.dll
0x000007fefe140000 - 0x000007fefe148000 	C:\Windows\system32\NSI.dll
0x000007fefe7d0000 - 0x000007feff557000 	C:\Windows\system32\SHELL32.dll
0x000007feff6b0000 - 0x000007feff721000 	C:\Windows\system32\SHLWAPI.dll
0x000007fefa770000 - 0x000007fefa810000 	C:\Windows\WinSxS\amd64_microsoft.windows.common-controls_6595b64144ccf1df_5.82.7600.16661_none_a44e1fc257f685f6\COMCTL32.dll
0x000007fefe610000 - 0x000007fefe6a8000 	C:\Windows\system32\COMDLG32.dll
0x000007fefbe00000 - 0x000007fefbe16000 	C:\Windows\system32\NETAPI32.dll
0x000007fefbdf0000 - 0x000007fefbdfc000 	C:\Windows\system32\netutils.dll
0x000007fefd8d0000 - 0x000007fefd8f3000 	C:\Windows\system32\srvcli.dll
0x000007fefbdd0000 - 0x000007fefbde5000 	C:\Windows\system32\wkscli.dll
0x000007feff730000 - 0x000007feff932000 	C:\Windows\system32\ole32.dll
0x000007feff560000 - 0x000007feff637000 	C:\Windows\system32\OLEAUT32.dll
0x0000000074970000 - 0x0000000074a34000 	E:\Programme\Matlab2011\bin\win64\mcr.dll
0x0000000075000000 - 0x00000000750e4000 	E:\Programme\Matlab2011\bin\win64\iqm.dll
0x000000006a9f0000 - 0x000000006b18c000 	E:\Programme\Matlab2011\bin\win64\m_interpreter.dll
0x0000000073df0000 - 0x0000000073dff000 	E:\Programme\Matlab2011\bin\win64\libmex.dll
0x000000006f0a0000 - 0x000000006f144000 	E:\Programme\Matlab2011\bin\win64\m_dispatcher.dll
0x0000000074880000 - 0x0000000074945000 	E:\Programme\Matlab2011\bin\win64\boost_regex-vc90-mt-1_40.dll
0x000000006f020000 - 0x000000006f09f000 	E:\Programme\Matlab2011\bin\win64\profiler.dll
0x0000000079f40000 - 0x0000000079f6c000 	E:\Programme\Matlab2011\bin\win64\libmwmathrng.dll
0x0000000073dd0000 - 0x0000000073df0000 	E:\Programme\Matlab2011\bin\win64\m_pcodeio.dll
0x0000000079b10000 - 0x0000000079b71000 	E:\Programme\Matlab2011\bin\win64\m_ir.dll
0x000000006e9e0000 - 0x000000006f01b000 	E:\Programme\Matlab2011\bin\win64\m_parser.dll
0x0000000073db0000 - 0x0000000073dc9000 	E:\Programme\Matlab2011\bin\win64\ir_xfmr.dll
0x000000006e790000 - 0x000000006e9db000 	E:\Programme\Matlab2011\bin\win64\mcos.dll
0x0000000001a00000 - 0x0000000001a0c000 	E:\Programme\Matlab2011\bin\win64\mtok.dll
0x0000000073d80000 - 0x0000000073dab000 	E:\Programme\Matlab2011\bin\win64\m_pcodegen.dll
0x0000000076160000 - 0x00000000761c2000 	E:\Programme\Matlab2011\bin\win64\libmwspmatrix.dll
0x0000000079fb0000 - 0x0000000079fde000 	E:\Programme\Matlab2011\bin\win64\libmwbridge.dll
0x000000006a930000 - 0x000000006a9e9000 	E:\Programme\Matlab2011\bin\win64\udd.dll
0x000000006a7e0000 - 0x000000006a921000 	E:\Programme\Matlab2011\bin\win64\libmwgui.dll
0x00000000729a0000 - 0x00000000729b7000 	E:\Programme\Matlab2011\bin\win64\graphics_util.dll
0x0000000069f60000 - 0x000000006a7e0000 	E:\Programme\Matlab2011\bin\win64\hg.dll
0x0000000076100000 - 0x000000007614f000 	E:\Programme\Matlab2011\bin\win64\libmat.dll
0x0000000072d30000 - 0x0000000072f33000 	E:\Programme\Matlab2011\bin\win64\libhdf5.dll
0x000000006b1d0000 - 0x000000006b24b000 	E:\Programme\Matlab2011\bin\win64\jmi.dll
0x0000000001ac0000 - 0x0000000001ace000 	E:\Programme\Matlab2011\bin\win64\nativejava_services.dll
0x0000000069f20000 - 0x0000000069f5c000 	E:\Programme\Matlab2011\bin\win64\libmwhardcopy.dll
0x0000000069ec0000 - 0x0000000069f18000 	E:\Programme\Matlab2011\bin\win64\libuij.dll
0x0000000069cd0000 - 0x0000000069eb3000 	E:\Programme\Matlab2011\bin\win64\hgdatatypes.dll
0x0000000069c10000 - 0x0000000069ccc000 	E:\Programme\Matlab2011\bin\win64\hgutils.dll
0x0000000069b90000 - 0x0000000069c0c000 	E:\Programme\Matlab2011\bin\win64\libmwlapack.dll
0x0000000072960000 - 0x0000000072972000 	E:\Programme\Matlab2011\bin\win64\libmwbinder.dll
0x00000000732e0000 - 0x00000000732eb000 	E:\Programme\Matlab2011\bin\win64\libmwompwrapper.dll
0x0000000001b50000 - 0x0000000001e14000 	E:\Programme\Matlab2011\bin\win64\uiw.dll
0x0000000001e30000 - 0x0000000001e3a000 	E:\Programme\Matlab2011\bin\win64\uinone.dll
0x0000000062c20000 - 0x0000000063104000 	C:\Windows\WinSxS\amd64_microsoft.vc90.mfc_1fc8b3b9a1e18e3b_9.0.30729.6161_none_044aad0bab1eb146\mfc90.dll
0x000007fefbac0000 - 0x000007fefbac7000 	C:\Windows\system32\MSIMG32.dll
0x000007fefa700000 - 0x000007fefa770000 	C:\Windows\system32\WINSPOOL.DRV
0x0000000069ae0000 - 0x0000000069b89000 	E:\Programme\Matlab2011\bin\win64\udd_mi.dll
0x0000000072880000 - 0x000000007289b000 	E:\Programme\Matlab2011\bin\win64\mwoles05.DLL
0x0000000069a70000 - 0x0000000069ade000 	E:\Programme\Matlab2011\bin\win64\comcli.dll
0x0000000072900000 - 0x000000007292f000 	C:\Windows\WinSxS\amd64_microsoft.vc90.atl_1fc8b3b9a1e18e3b_9.0.30729.6161_none_0a1fd3a3a768b895\ATL90.DLL
0x0000000072990000 - 0x000000007299c000 	E:\Programme\Matlab2011\bin\win64\mlautoregister.dll
0x0000000001e90000 - 0x0000000001e9d000 	E:\Programme\Matlab2011\bin\win64\boost_iostreams-vc90-mt-1_40.dll
0x000007feffbd0000 - 0x000007feffbfe000 	C:\Windows\system32\IMM32.DLL
0x000007feffac0000 - 0x000007feffbc9000 	C:\Windows\system32\MSCTF.dll
0x000007fefc470000 - 0x000007fefc4c6000 	C:\Windows\system32\UxTheme.dll
0x000007fefc1a0000 - 0x000007fefc1b8000 	C:\Windows\system32\dwmapi.dll
0x0000000072980000 - 0x000000007298d000 	C:\Windows\WinSxS\amd64_microsoft.vc90.mfcloc_1fc8b3b9a1e18e3b_9.0.30729.6161_none_01c9581e60cbee58\MFC90ENU.DLL
0x0000000001f50000 - 0x0000000001f79000 	E:\Programme\Matlab2011\bin\win64\tbbmalloc.dll
0x000007fefdd60000 - 0x000007fefdd6f000 	C:\Windows\system32\profapi.dll
0x000007fefab20000 - 0x000007fefab47000 	C:\Windows\system32\iphlpapi.dll
0x000007fefab00000 - 0x000007fefab0b000 	C:\Windows\system32\WINNSI.DLL
0x000007fefd450000 - 0x000007fefd4ab000 	C:\Windows\system32\DNSAPI.dll
0x000007fefa5b0000 - 0x000007fefa5c8000 	C:\Windows\system32\dhcpcsvc.DLL
0x000007fefa590000 - 0x000007fefa5a1000 	C:\Windows\system32\dhcpcsvc6.DLL
0x0000000072870000 - 0x0000000072873000 	C:\Windows\system32\icmp.Dll
0x000007fefdc90000 - 0x000007fefdc9f000 	C:\Windows\system32\CRYPTBASE.dll
0x000007fefe0f0000 - 0x000007fefe126000 	C:\Windows\system32\CFGMGR32.dll
0x0000000078870000 - 0x0000000078ecd000 	E:\Programme\Matlab2011\sys\java\jre\win64\jre\bin\server\jvm.dll
0x000007fefb8d0000 - 0x000007fefb90b000 	C:\Windows\system32\WINMM.dll
0x000000007a440000 - 0x000000007a44e000 	E:\Programme\Matlab2011\sys\java\jre\win64\jre\bin\verify.dll
0x000000007a070000 - 0x000000007a097000 	E:\Programme\Matlab2011\sys\java\jre\win64\jre\bin\java.dll
0x000000007a540000 - 0x000000007a54a000 	E:\Programme\Matlab2011\sys\java\jre\win64\jre\bin\hpi.dll
0x000000007a370000 - 0x000000007a382000 	E:\Programme\Matlab2011\sys\java\jre\win64\jre\bin\zip.dll
0x0000000075b90000 - 0x0000000075bfb000 	E:\Programme\Matlab2011\sys\java\jre\win64\jre\bin\fontmanager.dll
0x0000000033540000 - 0x0000000033701000 	E:\Programme\Matlab2011\sys\java\jre\win64\jre\bin\awt.dll
0x0000000079cf0000 - 0x0000000079d36000 	E:\Programme\Matlab2011\bin\win64\nativejmi.dll
0x000000007a600000 - 0x000000007a608000 	E:\Programme\Matlab2011\bin\win64\nativeservices.dll
0x000000007a0d0000 - 0x000000007a0e8000 	E:\Programme\Matlab2011\bin\win64\nativejava.dll
0x000007fef52c0000 - 0x000007fef52d8000 	C:\Windows\system32\MPR.dll
0x000000007a230000 - 0x000000007a247000 	E:\Programme\Matlab2011\sys\java\jre\win64\jre\bin\net.dll
0x000007fefd5d0000 - 0x000007fefd624000 	C:\Windows\system32\mswsock.dll
0x000007fefd5c0000 - 0x000007fefd5c7000 	C:\Windows\System32\wship6.dll
0x000000007a500000 - 0x000000007a50b000 	E:\Programme\Matlab2011\sys\java\jre\win64\jre\bin\nio.dll

VM Arguments:
jvm_args: -Xss512k -XX:PermSize=32m -Xms64m -XX:NewRatio=3 -XX:MaxPermSize=128m -Xmx196m -XX:MaxDirectMemorySize=2147400000 -Dsun.java2d.noddraw=true -Dsun.awt.nopixfmt=true -Xshare:off -Xrs -Dsun.awt.disableMixing=true -Djava.library.path=E:\Programme\Matlab2011\bin\win64 vfprintf abort 
java_command: <unknown>
Launcher Type: generic

Environment Variables:
PATH=E:\Programme\Microchip\C30\bin;C:\Program Files (x86)\NVIDIA Corporation\PhysX\Common;C:\Program Files\Common Files\Microsoft Shared\Windows Live;C:\Program Files (x86)\Common Files\Microsoft Shared\Windows Live;C:\Windows\system32;C:\Windows;C:\Windows\System32\Wbem;C:\Windows\System32\WindowsPowerShell\v1.0\;C:\Program Files (x86)\Windows Live\Shared;E:\Programme\Microchip\MPLAB\MPLAB C32 Suite\bin;E:\Programme\MiKTeX\miktex\bin\;E:\Programme\Matlab2011\runtime\win64;E:\Programme\Matlab2011\bin;E:\Programme\MCC18\mpasm;E:\Programme\MCC18\bin;E:\Programme\OpenVPN\bin;E:\Programme\OpenVPN2\bin;E:\Programme\Quartus120sp1\modelsim_ase\win32aloem
USERNAME=Chris
OS=Windows_NT
PROCESSOR_IDENTIFIER=Intel64 Family 6 Model 42 Stepping 7, GenuineIntel



---------------  S Y S T E M  ---------------

OS: Windows 7 Build 7600 

CPU:total 4 (8 cores per cpu, 2 threads per core) family 6 model 42 stepping 7, cmov, cx8, fxsr, mmx, sse, sse2, sse3, ssse3, sse4.1, sse4.2, ht

Memory: 4k page, physical 8364812k(4427164k free), swap 16727724k(12359644k free)

vm_info: Java HotSpot(TM) 64-Bit Server VM (14.3-b01) for windows-amd64 JRE (1.6.0_17-b04), built on Oct 11 2009 00:46:08 by "java_re" with MS VC++ 8.0

time: Tue Sep 18 15:52:05 2012
elapsed time: 1214 seconds

